#
# A fatal error has been detected by the Java Runtime Environment:
#
#  EXCEPTION_ACCESS_VIOLATION (0xc0000005) at pc=0x00007ffd68141be9, pid=13284, tid=22076
#
# JRE version:  (17.0.10+7) (build )
# Java VM: OpenJDK 64-Bit Server VM (17.0.10+7-LTS, mixed mode, sharing, tiered, unknown gc, windows-amd64)
# Problematic frame:
# C  [jimage.dll+0x1be9]
#
# No core dump will be written. Minidumps are not enabled by default on client versions of Windows
#
#

---------------  S U M M A R Y ------------

Command Line: 

Host: Intel(R) Core(TM) i7-10710U CPU @ 1.10GHz, 12 cores, 15G,  Windows 11 , 64 bit Build 22621 (10.0.22621.3085)
Time: Thu Mar 14 10:48:49 2024 Paris, Madrid elapsed time: 0.058960 seconds (0d 0h 0m 0s)

---------------  T H R E A D  ---------------

Current thread is native thread

Stack: [0x0000004a52000000,0x0000004a52100000],  sp=0x0000004a520fd4c0,  free space=1013k
Native frames: (J=compiled Java code, j=interpreted, Vv=VM code, C=native code)
C  [jimage.dll+0x1be9]
C  [jimage.dll+0x1d77]
C  [jimage.dll+0x2655]
V  [jvm.dll+0x1f2d9a]
V  [jvm.dll+0xb0abe]
V  [jvm.dll+0x7e490c]
V  [jvm.dll+0x3eff3f]
V  [jvm.dll+0x3f1b71]
C  [jli.dll+0x528f]
C  [ucrtbase.dll+0x29363]
C  [KERNEL32.DLL+0x1257d]
C  [ntdll.dll+0x5aa58]


siginfo: EXCEPTION_ACCESS_VIOLATION (0xc0000005), reading address 0x00000000000050c0


Registers:
RAX=0x0000000000001429, RBX=0x0000004a520fd5b1, RCX=0x00007ffd68146000, RDX=0x0000000000001429
RSP=0x0000004a520fd4c0, RBP=0x0000004a520fd5b0, RSI=0x0000000000007335, RDI=0x0000004a520fd5b0
R8 =0x00007ffd68144288, R9 =0x000000000000001c, R10=0x00007ffd42c60000, R11=0x00007ffd68146000
R12=0x0000000000000001, R13=0x00000217d2ac9300, R14=0x0000004a520fe620, R15=0x00007ffce1707d98
RIP=0x00007ffd68141be9, EFLAGS=0x0000000000010246


Top of Stack: (sp=0x0000004a520fd4c0)
0x0000004a520fd4c0:   00000217d29b0b50 00000000f30002f1
0x0000004a520fd4d0:   00000217d29b0b68 00000217d29b0b24
0x0000004a520fd4e0:   00000217d2ba70c0 00007ffd68141d77
0x0000004a520fd4f0:   000000000000000b 00000217d2ba70c0
0x0000004a520fd500:   00000000000006f5 00000000000006f5
0x0000004a520fd510:   00000000000006f5 00007ffd8bd3423a
0x0000004a520fd520:   00000217d2ab3ad0 00000217f30002f1
0x0000004a520fd530:   00000217d2ab0000 0000004a000003ff
0x0000004a520fd540:   00000000000006f5 00000217d4cf0080
0x0000004a520fd550:   0000097229f5583b 00000217d2ab0150
0x0000004a520fd560:   00007ffce16e6830 0000000000000017
0x0000004a520fd570:   00000217d2ba70c0 0000004a520fe620
0x0000004a520fd580:   000000000000000b 00007ffd68142655
0x0000004a520fd590:   00000217d2ab0000 00007ffd000003ff
0x0000004a520fd5a0:   00000000000007aa 00000217d4d25530
0x0000004a520fd5b0:   61622e6176616a2f 692f6b646a2f6573
0x0000004a520fd5c0:   2f6c616e7265746e 6f6974706f2f6d76
0x0000004a520fd5d0:   00000217d200736e 00000217d4d26fc0
0x0000004a520fd5e0:   00000217000003ff 00000000000007aa
0x0000004a520fd5f0:   00000217d4cf0000 0000021705010004
0x0000004a520fd600:   00000000000005eb 0000000000005eb0
0x0000004a520fd610:   00000217d2ab007c 00000217d2ab0150
0x0000004a520fd620:   00000217d4d25520 00007ffdf30002f1
0x0000004a520fd630:   00000217d2ab0000 0000004a02000002
0x0000004a520fd640:   0000000000000000 0000000000000000
0x0000004a520fd650:   00000217d2ab0150 00000217d4d2b3d0
0x0000004a520fd660:   0000000000000000 0000000000000000
0x0000004a520fd670:   00000000000001bf 00007ffd8bd3423a
0x0000004a520fd680:   00000217d2ab3ad0 0000004a520fd9b9
0x0000004a520fd690:   00000217d2ab0000 00000000000001bf
0x0000004a520fd6a0:   00000217d4d2b3e0 00000217d4d2b3d0
0x0000004a520fd6b0:   00000217d2ab02c0 00007ffd8bd2f476 

Instructions: (pc=0x00007ffd68141be9)
0x00007ffd68141ae9:   48 85 c9 74 1d 80 3d 1b 45 00 00 00 74 06 48 8b
0x00007ffd68141af9:   53 18 eb 04 48 8b 53 40 e8 ae 0e 00 00 48 83 63
0x00007ffd68141b09:   48 00 8b 4b 0c 83 f9 ff 74 09 e8 e4 0c 00 00 83
0x00007ffd68141b19:   4b 0c ff 48 8b 4b 70 48 85 c9 74 0f ba 10 00 00
0x00007ffd68141b29:   00 e8 fd 0e 00 00 48 83 63 70 00 48 83 c4 20 5b
0x00007ffd68141b39:   c3 cc cc 40 53 48 83 ec 20 48 8b d9 48 8d 0d d4
0x00007ffd68141b49:   46 00 00 e8 b3 0c 00 00 83 6b 08 01 75 24 48 8b
0x00007ffd68141b59:   d3 48 8d 0d b7 44 00 00 e8 22 08 00 00 48 8b cb
0x00007ffd68141b69:   e8 de fe ff ff ba 78 00 00 00 48 8b cb e8 b1 0e
0x00007ffd68141b79:   00 00 48 8d 0d 9e 46 00 00 48 83 c4 20 5b e9 80
0x00007ffd68141b89:   0c 00 00 48 89 5c 24 08 48 89 74 24 10 57 48 83
0x00007ffd68141b99:   ec 20 41 8b f1 4d 8b c8 48 8b fa 4c 8b d9 4d 85
0x00007ffd68141ba9:   c0 74 78 85 f6 74 74 44 8a 12 48 8d 5a 01 48 8b
0x00007ffd68141bb9:   d3 b8 93 01 00 01 eb 12 69 c0 93 01 00 01 41 0f
0x00007ffd68141bc9:   b6 ca 44 8a 12 33 c1 48 ff c2 45 84 d2 75 e9 4d
0x00007ffd68141bd9:   8b 03 0f ba f0 1f 33 d2 49 8b cb f7 f6 48 63 c2
0x00007ffd68141be9:   41 8b 14 81 41 ff 50 08 85 c0 7e 24 8a 0f eb 10
0x00007ffd68141bf9:   69 c0 93 01 00 01 0f b6 c9 33 c1 8a 0b 48 ff c3
0x00007ffd68141c09:   84 c9 75 ec 0f ba f0 1f 33 d2 f7 f6 8b c2 eb 0e
0x00007ffd68141c19:   79 09 83 c9 ff 2b c8 8b c1 eb 03 83 c8 ff 48 8b
0x00007ffd68141c29:   5c 24 30 48 8b 74 24 38 48 83 c4 20 5f c3 cc 48
0x00007ffd68141c39:   89 5c 24 08 48 89 74 24 10 57 48 83 ec 20 48 8b
0x00007ffd68141c49:   f1 48 8d 0d cf 45 00 00 e8 ae 0b 00 00 33 ff 39
0x00007ffd68141c59:   3d ba 43 00 00 76 24 48 8b 05 b9 43 00 00 48 8b
0x00007ffd68141c69:   d6 48 8b 1c f8 48 8b 0b e8 64 1e 00 00 85 c0 74
0x00007ffd68141c79:   2b ff c7 3b 3d 96 43 00 00 72 dc 33 db 48 8d 0d
0x00007ffd68141c89:   93 45 00 00 e8 7a 0b 00 00 48 8b 74 24 38 48 8b
0x00007ffd68141c99:   c3 48 8b 5c 24 30 48 83 c4 20 5f c3 ff 43 08 eb
0x00007ffd68141ca9:   dc cc cc 48 89 5c 24 08 48 89 74 24 10 57 48 83
0x00007ffd68141cb9:   ec 20 48 8b d9 48 8b f2 48 8b 49 10 49 8b f8 8b
0x00007ffd68141cc9:   53 30 48 8b 01 ff 50 20 4c 8b 43 50 48 8b d6 48
0x00007ffd68141cd9:   8b 4b 10 44 8b c8 e8 a8 fe ff ff 83 f8 ff 74 38 



---------------  P R O C E S S  ---------------

VM state: not at safepoint (not fully initialized)

VM Mutex/Monitor currently owned by a thread: None

GC Precious Log:
<Not initialized>


Dynamic libraries:
0x00007ff7af6d0000 - 0x00007ff7af6de000 	C:\Users\doghm\.jdks\corretto-17.0.10\bin\java.exe
0x00007ffd8bcf0000 - 0x00007ffd8bf07000 	C:\WINDOWS\SYSTEM32\ntdll.dll
0x00007ffd8b120000 - 0x00007ffd8b1e4000 	C:\WINDOWS\System32\KERNEL32.DLL
0x00007ffd89190000 - 0x00007ffd89536000 	C:\WINDOWS\System32\KERNELBASE.dll
0x00007ffd896b0000 - 0x00007ffd897c1000 	C:\WINDOWS\System32\ucrtbase.dll
0x00007ffd42c80000 - 0x00007ffd42c97000 	C:\Users\doghm\.jdks\corretto-17.0.10\bin\jli.dll
0x00007ffd42c60000 - 0x00007ffd42c7b000 	C:\Users\doghm\.jdks\corretto-17.0.10\bin\VCRUNTIME140.dll
0x00007ffd89f40000 - 0x00007ffd8a0ee000 	C:\WINDOWS\System32\USER32.dll
0x00007ffd77870000 - 0x00007ffd77b03000 	C:\WINDOWS\WinSxS\amd64_microsoft.windows.common-controls_6595b64144ccf1df_6.0.22621.2506_none_270c5ae97388e100\COMCTL32.dll
0x00007ffd898f0000 - 0x00007ffd89916000 	C:\WINDOWS\System32\win32u.dll
0x00007ffd8b800000 - 0x00007ffd8b8a7000 	C:\WINDOWS\System32\msvcrt.dll
0x00007ffd89c30000 - 0x00007ffd89c59000 	C:\WINDOWS\System32\GDI32.dll
0x00007ffd89920000 - 0x00007ffd89a38000 	C:\WINDOWS\System32\gdi32full.dll
0x00007ffd897d0000 - 0x00007ffd8986a000 	C:\WINDOWS\System32\msvcp_win.dll
0x00007ffd8bbc0000 - 0x00007ffd8bbf1000 	C:\WINDOWS\System32\IMM32.DLL
0x00007ffd68260000 - 0x00007ffd6826c000 	C:\Users\doghm\.jdks\corretto-17.0.10\bin\vcruntime140_1.dll
0x00007ffd22980000 - 0x00007ffd22a0d000 	C:\Users\doghm\.jdks\corretto-17.0.10\bin\msvcp140.dll
0x00007ffce0dd0000 - 0x00007ffce1a32000 	C:\Users\doghm\.jdks\corretto-17.0.10\bin\server\jvm.dll
0x00007ffd89a40000 - 0x00007ffd89af3000 	C:\WINDOWS\System32\ADVAPI32.dll
0x00007ffd8baf0000 - 0x00007ffd8bb98000 	C:\WINDOWS\System32\sechost.dll
0x00007ffd89160000 - 0x00007ffd89188000 	C:\WINDOWS\System32\bcrypt.dll
0x00007ffd8b970000 - 0x00007ffd8ba87000 	C:\WINDOWS\System32\RPCRT4.dll
0x00007ffd6ae50000 - 0x00007ffd6ae59000 	C:\WINDOWS\SYSTEM32\WSOCK32.dll
0x00007ffd80d10000 - 0x00007ffd80d44000 	C:\WINDOWS\SYSTEM32\WINMM.dll
0x00007ffd87e80000 - 0x00007ffd87ecd000 	C:\WINDOWS\SYSTEM32\POWRPROF.dll
0x00007ffd8a4b0000 - 0x00007ffd8a521000 	C:\WINDOWS\System32\WS2_32.dll
0x00007ffd80d00000 - 0x00007ffd80d0a000 	C:\WINDOWS\SYSTEM32\VERSION.dll
0x00007ffd87e60000 - 0x00007ffd87e73000 	C:\WINDOWS\SYSTEM32\UMPDC.dll
0x00007ffd88120000 - 0x00007ffd88138000 	C:\WINDOWS\SYSTEM32\kernel.appcore.dll
0x00007ffd68140000 - 0x00007ffd6814a000 	C:\Users\doghm\.jdks\corretto-17.0.10\bin\jimage.dll
0x00007ffd86920000 - 0x00007ffd86b53000 	C:\WINDOWS\SYSTEM32\DBGHELP.DLL
0x00007ffd8ad90000 - 0x00007ffd8b119000 	C:\WINDOWS\System32\combase.dll
0x00007ffd89b50000 - 0x00007ffd89c27000 	C:\WINDOWS\System32\OLEAUT32.dll
0x00007ffd6be30000 - 0x00007ffd6be62000 	C:\WINDOWS\SYSTEM32\dbgcore.DLL
0x00007ffd89870000 - 0x00007ffd898ea000 	C:\WINDOWS\System32\bcryptPrimitives.dll

dbghelp: loaded successfully - version: 4.0.5 - missing functions: none
symbol engine: initialized successfully - sym options: 0x614 - pdb path: .;C:\Users\doghm\.jdks\corretto-17.0.10\bin;C:\WINDOWS\SYSTEM32;C:\WINDOWS\WinSxS\amd64_microsoft.windows.common-controls_6595b64144ccf1df_6.0.22621.2506_none_270c5ae97388e100;C:\Users\doghm\.jdks\corretto-17.0.10\bin\server

VM Arguments:
java_command: <unknown>
java_class_path (initial): <not set>
Launcher Type: SUN_STANDARD

[Global flags]
     bool UseLargePagesIndividualAllocation        = false                                  {pd product} {ergonomic}

Logging:
Log output configuration:
 #0: stdout all=warning uptime,level,tags
 #1: stderr all=off uptime,level,tags

Environment Variables:
JAVA_HOME=C:\Program Files\Java\jdk1.8.0_60
PATH=C:\Program Files\Python311\Scripts\;C:\Program Files\Python311\;C:\Program Files (x86)\VMware\VMware Workstation\bin\;C:\oraclexe\app\oracle\product\10.2.0\server\bin;C:\Windows\system32;C:\Windows;C:\Windows\System32\Wbem;C:\Windows\System32\WindowsPowerShell\v1.0\;C:\Windows\System32\OpenSSH\;C:\Program Files (x86)\NVIDIA Corporation\PhysX\Common;C:\Program Files\Intel\WiFi\bin\;C:\Program Files\Common Files\Intel\WirelessCommon\;C:\Program Files\NVIDIA Corporation\NVIDIA NvDLISR;C:\Program Files\Symfony;C:\Program Files\Git\cmd;C:\WINDOWS\system32;C:\WINDOWS;C:\WINDOWS\System32\Wbem;C:\WINDOWS\System32\WindowsPowerShell\v1.0\;C:\WINDOWS\System32\OpenSSH\;C:\ProgramData\chocolatey\bin;C:\Program Files\apache-maven-3.3.3-bin\apache-maven-3.3.3;C:\Program Files\Java\jdk1.8.0_60\bin;C:\Program Files\Microsoft SQL Server\150\Tools\Binn\;C:\Python39\Scripts\;C:\Program Files\nodejs\;C:\Python39\;C:\Program Files\dotnet\;C:\Program Files\Microsoft SQL Server\Client SDK\ODBC\170\Tools\Binn\;C:\Program Files\OpenSSL\bin;C:\HashiCorp\Vagrant\bin;C:\wamp64\bin\php\php8.1.13;C:\ProgramData\ComposerSetup\bin;C:\Program Files\Docker\Docker\resources\bin;C:\ngrok;C:\Users\doghm\AppData\Local\Microsoft\WindowsApps;C:\Users\doghm\AppData\Local\Programs\Microsoft VS Code\bin;C:\Users\doghm\AppData\Local\GitHubDesktop\bin;C:\Program Files\MongoDB\Server\4.0\bin;C:\Program Files\JetBrains\IntelliJ IDEA 2022.2.2\bin;;C:\Program Files\MongoDB\Server\4.0\bin;C:\Program Files\Java\jdk1.8.0_60\bin;C:\Users\doghm\AppData\Roaming\npm;C:\Users\doghm\.dotnet\tools;C:\Users\doghm\AppData\Roaming\Composer\vendor\bin
USERNAME=doghm
OS=Windows_NT
PROCESSOR_IDENTIFIER=Intel64 Family 6 Model 166 Stepping 0, GenuineIntel
TMP=C:\Users\doghm\AppData\Local\Temp
TEMP=C:\Users\doghm\AppData\Local\Temp



Periodic native trim disabled


---------------  S Y S T E M  ---------------

OS:
 Windows 11 , 64 bit Build 22621 (10.0.22621.3085)
OS uptime: 10 days 0:29 hours

CPU: total 12 (initial active 0) 
Processor Information for all 12 processors :
  Max Mhz: 1608, Current Mhz: 1105, Mhz Limit: 1093

Memory: 4k page, system-wide physical 16221M (5011M free)
TotalPageFile size 26973M (AvailPageFile size 7575M)
current process WorkingSet (physical memory assigned to process): 8M, peak: 8M
current process commit charge ("private bytes"): 3M, peak: 3M

vm_info: OpenJDK 64-Bit Server VM (17.0.10+7-LTS) for windows-amd64 JRE (17.0.10+7-LTS), built on Jan 10 2024 22:11:07 by "Administrator" with MS VC++ 16.10 / 16.11 (VS2019)

END.
